<?xml version="1.0" encoding="UTF-8"?>
<testng-results ignored="0" total="1" passed="1" failed="0" skipped="0">
  <reporter-output>
  </reporter-output>
  <suite started-at="2024-09-17T14:46:02 PDT" name="Default suite" finished-at="2024-09-17T14:46:04 PDT" duration-ms="2144">
    <groups>
    </groups>
    <test started-at="2024-09-17T14:46:02 PDT" name="Default test" finished-at="2024-09-17T14:46:04 PDT" duration-ms="2144">
      <class name="day34.ApiTestingDemo">
        <test-method signature="apitesting()[pri:0, instance:day34.ApiTestingDemo@13b13b5d]" started-at="2024-09-17T14:46:02 PDT" name="apitesting" finished-at="2024-09-17T14:46:04 PDT" duration-ms="2070" status="PASS">
          <reporter-output>
          </reporter-output>
        </test-method> <!-- apitesting -->
      </class> <!-- day34.ApiTestingDemo -->
    </test> <!-- Default test -->
  </suite> <!-- Default suite -->
</testng-results>
